decay: 1
training accuracy: 0.133566666667
test accuracy:     0.1377
**********************************************************************
decay: 0.1
training accuracy: 0.138133333333
test accuracy:     0.144
**********************************************************************
decay: 0.01
training accuracy: 0.138916666667
test accuracy:     0.1448
**********************************************************************
decay: 0.001
training accuracy: 0.13895
test accuracy:     0.1449
**********************************************************************
decay: 0.0001
training accuracy: 0.138966666667
test accuracy:     0.1449
**********************************************************************
decay: 1e-05
training accuracy: 0.138966666667
test accuracy:     0.1449
**********************************************************************
decay: 1e-06
training accuracy: 0.138966666667
test accuracy:     0.1449
**********************************************************************
decay: 0.0
training accuracy: 0.138966666667
test accuracy:     0.1449
**********************************************************************
