rate: 0
training accuracy: 0.09915
test accuracy:     0.1009
**********************************************************************
rate: 100
training accuracy: 0.09915
test accuracy:     0.1009
**********************************************************************
rate: 1000000
training accuracy: 0.90085
test accuracy:     0.8991
**********************************************************************
rate: 1000
training accuracy: 0.09915
test accuracy:     0.1009
**********************************************************************
rate: 10000
training accuracy: 0.898333333333
test accuracy:     0.8968
**********************************************************************
rate: 0.001
training accuracy: 0.09915
test accuracy:     0.1009
**********************************************************************
