rate: 10
training accuracy: 0.90085
test accuracy:     0.8991
**********************************************************************rate: 1
training accuracy: 0.90085
test accuracy:     0.8991
**********************************************************************
rate: 0.1
training accuracy: 0.90085
test accuracy:     0.8991
**********************************************************************
rate: 0.01
training accuracy: 0.09915
test accuracy:     0.1009
**********************************************************************
rate: 0.001
training accuracy: 0.09915
test accuracy:     0.1009
**********************************************************************
rate: 1e-06
training accuracy: 0.878916666667
test accuracy:     0.878
**********************************************************************
rate: 1e-11
training accuracy: 0.87995
test accuracy:     0.879
**********************************************************************
rate: 0.0001
training accuracy: 0.180083333333
test accuracy:     0.1845
**********************************************************************
rate: 1e-05
training accuracy: 0.869783333333
test accuracy:     0.869

rate: 0
training accuracy: 0.87995
test accuracy:     0.879
**********************************************************************
