rate: 10
training accuracy: 0.90085
test accuracy:     0.8991
**********************************************************************
rate: 1
training accuracy: 0.90085
test accuracy:     0.8991
**********************************************************************
rate: 0.1
training accuracy: 0.90085
test accuracy:     0.8991
**********************************************************************
rate: 0.01
training accuracy: 0.138966666667
test accuracy:     0.1449
**********************************************************************
rate: 0.001
training accuracy: 0.134316666667
test accuracy:     0.1392
**********************************************************************
rate: 0.0001
training accuracy: 0.1189
test accuracy:     0.1218
**********************************************************************
rate: 1e-05
training accuracy: 0.0709333333333
test accuracy:     0.0716
**********************************************************************
rate: 1e-06
training accuracy: 0.0318333333333
test accuracy:     0.0281
**********************************************************************
rate: 1e-07
training accuracy: 0.0291166666667
test accuracy:     0.0262
**********************************************************************
rate: 1e-20
training accuracy: 0.0287666666667
test accuracy:     0.0262
**********************************************************************
